Reading netlist file: "C:\Users\19577\Desktop\fpga_foc\impl\gwsynthesis\fpga_foc.vg"
Parsing netlist file "C:\Users\19577\Desktop\fpga_foc\impl\gwsynthesis\fpga_foc.vg" completed
Processing netlist completed
Reading constraint file: "C:\Users\19577\Desktop\fpga_foc\src\fpga_foc.cst"
Physical Constraint parsed completed
Running placement......
[10%] Placement Phase 0 completed
[20%] Placement Phase 1 completed
[30%] Placement Phase 2 completed
[50%] Placement Phase 3 completed
Running routing......
[60%] Routing Phase 0 completed
[70%] Routing Phase 1 completed
[80%] Routing Phase 2 completed
[90%] Routing Phase 3 completed
Running timing analysis......
[95%] Timing analysis completed
Placement and routing completed
Bitstream generation in progress......
Bitstream generation completed
Generate file "C:\Users\19577\Desktop\fpga_foc\impl\pnr\fpga_foc.pin.html" completed
Generate file "C:\Users\19577\Desktop\fpga_foc\impl\pnr\fpga_foc.rpt.html" completed
Generate file "C:\Users\19577\Desktop\fpga_foc\impl\pnr\fpga_foc.rpt.txt" completed
Generate file "C:\Users\19577\Desktop\fpga_foc\impl\pnr\fpga_foc.tr.html" completed
Fri Mar  1 11:10:19 2024

